  BirthdayCount.cpp
d:\desktop\xie\xie\birthdaycount.h(46): error C3861: “swap”: 找不到标识符
d:\desktop\xie\xie\birthdaycount.h(47): error C3861: “swap”: 找不到标识符
d:\desktop\xie\xie\birthdaycount.h(48): error C3861: “swap”: 找不到标识符
d:\desktop\xie\xie\birthdaycount.cpp(8): error C2065: “cout”: 未声明的标识符
d:\desktop\xie\xie\birthdaycount.cpp(8): error C2065: “endl”: 未声明的标识符
d:\desktop\xie\xie\birthdaycount.cpp(9): error C2065: “cout”: 未声明的标识符
d:\desktop\xie\xie\birthdaycount.cpp(10): error C2065: “cin”: 未声明的标识符
d:\desktop\xie\xie\birthdaycount.cpp(11): error C2065: “cout”: 未声明的标识符
d:\desktop\xie\xie\birthdaycount.cpp(12): error C2065: “cin”: 未声明的标识符
d:\desktop\xie\xie\birthdaycount.cpp(13): error C2065: “cout”: 未声明的标识符
d:\desktop\xie\xie\birthdaycount.cpp(14): error C2065: “cin”: 未声明的标识符
d:\desktop\xie\xie\birthdaycount.cpp(15): error C2065: “cout”: 未声明的标识符
d:\desktop\xie\xie\birthdaycount.cpp(16): error C2065: “cout”: 未声明的标识符
d:\desktop\xie\xie\birthdaycount.cpp(17): error C2065: “cin”: 未声明的标识符
d:\desktop\xie\xie\birthdaycount.cpp(18): error C2065: “cout”: 未声明的标识符
d:\desktop\xie\xie\birthdaycount.cpp(19): error C2065: “cin”: 未声明的标识符
d:\desktop\xie\xie\birthdaycount.cpp(20): error C2065: “cout”: 未声明的标识符
d:\desktop\xie\xie\birthdaycount.cpp(21): error C2065: “cin”: 未声明的标识符
d:\desktop\xie\xie\birthdaycount.cpp(22): error C2352: “BirthdayCount::DaysBetween2Day”: 非静态成员函数的非法调用
  d:\desktop\xie\xie\birthdaycount.h(23): note: 参见“BirthdayCount::DaysBetween2Day”的声明
d:\desktop\xie\xie\birthdaycount.cpp(23): error C2065: “cout”: 未声明的标识符
d:\desktop\xie\xie\birthdaycount.cpp(24): error C3861: “system”: 找不到标识符
